0 silly argv {
0 silly argv   _: [ 'exec' ],
0 silly argv   scope: 'pd-css-config',
0 silly argv   args: [],
0 silly argv   '--': [ 'yarn' ],
0 silly argv   lernaVersion: '4.0.0',
0 silly argv   '$0': '/usr/local/bin/lerna'
0 silly argv }
1 notice cli v4.0.0
2 verbose rootPath /Users/pidan/Learn/webpack-config
3 error JSONError: Unexpected token "}" (0x7D) in JSON at position 565 while parsing near "...lugin\": \"^2.4.0\",\n  },\n  \"gitHead\": \"9fc..." in packages/webpack-pd-css/package.json
3 error
3 error [0m [90m 24 |[39m   [32m"devDependencies"[39m[33m:[39m {[0m
3 error [0m [90m 25 |[39m     [32m"@types/mini-css-extract-plugin"[39m[33m:[39m [32m"^2.4.0"[39m[33m,[39m[0m
3 error [0m[31m[1m>[22m[39m[90m 26 |[39m   }[33m,[39m[0m
3 error [0m [90m    |[39m   [31m[1m^[22m[39m[0m
3 error [0m [90m 27 |[39m   [32m"gitHead"[39m[33m:[39m [32m"9fc589d450a6f184d54d2eea00dbcbdeab50641c"[39m[33m,[39m[0m
3 error [0m [90m 28 |[39m   [32m"dependencies"[39m[33m:[39m {[0m
3 error [0m [90m 29 |[39m     [32m"postcss"[39m[33m:[39m [32m"^8.4.3"[39m[33m,[39m[0m
3 error
3 error     at parseJson (/Users/pidan/Learn/webpack-config/node_modules/parse-json/index.js:29:21)
3 error     at parse (/Users/pidan/Learn/webpack-config/node_modules/load-json-file/index.js:15:9)
3 error     at module.exports (/Users/pidan/Learn/webpack-config/node_modules/load-json-file/index.js:18:47)
